Arguments: 
  /usr/local/bin/node /usr/local/Cellar/yarn/1.22.17_2/libexec/bin/yarn.js add mongoose

PATH: 
  /Users/orinahum/opt/anaconda3/bin:/Users/orinahum/opt/anaconda3/condabin:/Library/Frameworks/Python.framework/Versions/2.7/bin:/usr/local/bin:/usr/bin:/bin:/usr/sbin:/sbin:/Applications/VMware Fusion.app/Contents/Public:/usr/local/go/bin:/Library/Apple/usr/bin:/Applications/Postgres.app/Contents/Versions/latest/bin

Yarn version: 
  1.22.17

Node version: 
  16.13.2

Platform: 
  darwin x64

Trace: 
  Error: https://artifactory.rnd-hub.com:443/artifactory/api/npm/lego-npm-virt/dynamic-dedupe/-/dynamic-dedupe-0.3.0.tgz: Request failed "404 Not Found"
      at ResponseError.ExtendableBuiltin (/usr/local/Cellar/yarn/1.22.17_2/libexec/lib/cli.js:696:66)
      at new ResponseError (/usr/local/Cellar/yarn/1.22.17_2/libexec/lib/cli.js:802:124)
      at Request.<anonymous> (/usr/local/Cellar/yarn/1.22.17_2/libexec/lib/cli.js:67099:16)
      at Request.emit (node:events:390:28)
      at Request.module.exports.Request.onRequestResponse (/usr/local/Cellar/yarn/1.22.17_2/libexec/lib/cli.js:141760:10)
      at ClientRequest.emit (node:events:390:28)
      at HTTPParser.parserOnIncomingClient (node:_http_client:623:27)
      at HTTPParser.parserOnHeadersComplete (node:_http_common:128:17)
      at TLSSocket.socketOnData (node:_http_client:487:22)
      at TLSSocket.emit (node:events:390:28)

npm manifest: 
  {
    "name": "auth",
    "version": "1.0.0",
    "main": "index.js",
    "scripts": {
      "start": "ts-node-dev src/index.ts"
    },
    "license": "MIT",
    "dependencies": {
      "@types/express": "^4.17.13",
      "express": "^4.18.1",
      "express-validator": "^6.14.2",
      "ts-node-dev": "^2.0.0",
      "typescript": "^4.7.4"
    }
  }

yarn manifest: 
  No manifest

Lockfile: 
  # THIS IS AN AUTOGENERATED FILE. DO NOT EDIT THIS FILE DIRECTLY.
  # yarn lockfile v1
  
  
  "@cspotcode/source-map-support@^0.8.0":
    version "0.8.1"
    resolved "https://artifactory.rnd-hub.com:443/artifactory/api/npm/lego-npm-virt/@cspotcode/source-map-support/-/source-map-support-0.8.1.tgz#00629c35a688e05a88b1cda684fb9d5e73f000a1"
    integrity sha1-AGKcNaaI4FqIsc2mhPudXnPwAKE=
    dependencies:
      "@jridgewell/trace-mapping" "0.3.9"
  
  "@jridgewell/resolve-uri@^3.0.3":
    version "3.1.0"
    resolved "https://artifactory.rnd-hub.com:443/artifactory/api/npm/lego-npm-virt/@jridgewell/resolve-uri/-/resolve-uri-3.1.0.tgz#2203b118c157721addfe69d47b70465463066d78"
    integrity sha1-IgOxGMFXchrd/mnUe3BGVGMGbXg=
  
  "@jridgewell/sourcemap-codec@^1.4.10":
    version "1.4.14"
    resolved "https://artifactory.rnd-hub.com:443/artifactory/api/npm/lego-npm-virt/@jridgewell/sourcemap-codec/-/sourcemap-codec-1.4.14.tgz#add4c98d341472a289190b424efbdb096991bb24"
    integrity sha1-rdTJjTQUcqKJGQtCTvvbCWmRuyQ=
  
  "@jridgewell/trace-mapping@0.3.9":
    version "0.3.9"
    resolved "https://artifactory.rnd-hub.com:443/artifactory/api/npm/lego-npm-virt/@jridgewell/trace-mapping/-/trace-mapping-0.3.9.tgz#6534fd5933a53ba7cbf3a17615e273a0d1273ff9"
    integrity sha1-ZTT9WTOlO6fL86F2FeJzoNEnP/k=
    dependencies:
      "@jridgewell/resolve-uri" "^3.0.3"
      "@jridgewell/sourcemap-codec" "^1.4.10"
  
  "@tsconfig/node10@^1.0.7":
    version "1.0.9"
    resolved "https://artifactory.rnd-hub.com:443/artifactory/api/npm/lego-npm-virt/@tsconfig/node10/-/node10-1.0.9.tgz#df4907fc07a886922637b15e02d4cebc4c0021b2"
    integrity sha1-30kH/AeohpImN7FeAtTOvEwAIbI=
  
  "@tsconfig/node12@^1.0.7":
    version "1.0.11"
    resolved "https://artifactory.rnd-hub.com:443/artifactory/api/npm/lego-npm-virt/@tsconfig/node12/-/node12-1.0.11.tgz#ee3def1f27d9ed66dac6e46a295cffb0152e058d"
    integrity sha1-7j3vHyfZ7WbaxuRqKVz/sBUuBY0=
  
  "@tsconfig/node14@^1.0.0":
    version "1.0.3"
    resolved "https://artifactory.rnd-hub.com:443/artifactory/api/npm/lego-npm-virt/@tsconfig/node14/-/node14-1.0.3.tgz#e4386316284f00b98435bf40f72f75a09dabf6c1"
    integrity sha1-5DhjFihPALmENb9A9y91oJ2r9sE=
  
  "@tsconfig/node16@^1.0.2":
    version "1.0.3"
    resolved "https://artifactory.rnd-hub.com:443/artifactory/api/npm/lego-npm-virt/@tsconfig/node16/-/node16-1.0.3.tgz#472eaab5f15c1ffdd7f8628bd4c4f753995ec79e"
    integrity sha1-Ry6qtfFcH/3X+GKL1MT3U5lex54=
  
  "@types/body-parser@*":
    version "1.19.2"
    resolved "https://artifactory.rnd-hub.com:443/artifactory/api/npm/lego-npm-virt/@types/body-parser/-/body-parser-1.19.2.tgz#aea2059e28b7658639081347ac4fab3de166e6f0"
    integrity sha1-rqIFnii3ZYY5CBNHrE+rPeFm5vA=
    dependencies:
      "@types/connect" "*"
      "@types/node" "*"
  
  "@types/connect@*":
    version "3.4.35"
    resolved "https://artifactory.rnd-hub.com:443/artifactory/api/npm/lego-npm-virt/@types/connect/-/connect-3.4.35.tgz#5fcf6ae445e4021d1fc2219a4873cc73a3bb2ad1"
    integrity sha1-X89q5EXkAh0fwiGaSHPMc6O7KtE=
    dependencies:
      "@types/node" "*"
  
  "@types/express-serve-static-core@^4.17.18":
    version "4.17.30"
    resolved "https://artifactory.rnd-hub.com:443/artifactory/api/npm/lego-npm-virt/@types/express-serve-static-core/-/express-serve-static-core-4.17.30.tgz#0f2f99617fa8f9696170c46152ccf7500b34ac04"
    integrity sha1-Dy+ZYX+o+WlhcMRhUsz3UAs0rAQ=
    dependencies:
      "@types/node" "*"
      "@types/qs" "*"
      "@types/range-parser" "*"
  
  "@types/express@^4.17.13":
    version "4.17.13"
    resolved "https://artifactory.rnd-hub.com:443/artifactory/api/npm/lego-npm-virt/@types/express/-/express-4.17.13.tgz#a76e2995728999bab51a33fabce1d705a3709034"
    integrity sha1-p24plXKJmbq1GjP6vOHXBaNwkDQ=
    dependencies:
      "@types/body-parser" "*"
      "@types/express-serve-static-core" "^4.17.18"
      "@types/qs" "*"
      "@types/serve-static" "*"
  
  "@types/mime@*":
    version "3.0.1"
    resolved "https://artifactory.rnd-hub.com:443/artifactory/api/npm/lego-npm-virt/@types/mime/-/mime-3.0.1.tgz#5f8f2bca0a5863cb69bc0b0acd88c96cb1d4ae10"
    integrity sha1-X48rygpYY8tpvAsKzYjJbLHUrhA=
  
  "@types/node@*":
    version "18.6.4"
    resolved "https://artifactory.rnd-hub.com:443/artifactory/api/npm/lego-npm-virt/@types/node/-/node-18.6.4.tgz#fd26723a8a3f8f46729812a7f9b4fc2d1608ed39"
    integrity sha1-/SZyOoo/j0ZymBKn+bT8LRYI7Tk=
  
  "@types/qs@*":
    version "6.9.7"
    resolved "https://artifactory.rnd-hub.com:443/artifactory/api/npm/lego-npm-virt/@types/qs/-/qs-6.9.7.tgz#63bb7d067db107cc1e457c303bc25d511febf6cb"
    integrity sha1-Y7t9Bn2xB8weRXwwO8JdUR/r9ss=
  
  "@types/range-parser@*":
    version "1.2.4"
    resolved "https://artifactory.rnd-hub.com:443/artifactory/api/npm/lego-npm-virt/@types/range-parser/-/range-parser-1.2.4.tgz#cd667bcfdd025213aafb7ca5915a932590acdcdc"
    integrity sha1-zWZ7z90CUhOq+3ylkVqTJZCs3Nw=
  
  "@types/serve-static@*":
    version "1.15.0"
    resolved "https://artifactory.rnd-hub.com:443/artifactory/api/npm/lego-npm-virt/@types/serve-static/-/serve-static-1.15.0.tgz#c7930ff61afb334e121a9da780aac0d9b8f34155"
    integrity sha1-x5MP9hr7M04SGp2ngKrA2bjzQVU=
    dependencies:
      "@types/mime" "*"
      "@types/node" "*"
  
  "@types/strip-bom@^3.0.0":
    version "3.0.0"
    resolved "https://artifactory.rnd-hub.com:443/artifactory/api/npm/lego-npm-virt/@types/strip-bom/-/strip-bom-3.0.0.tgz#14a8ec3956c2e81edb7520790aecf21c290aebd2"
    integrity sha1-FKjsOVbC6B7bdSB5CuzyHCkK69I=
  
  "@types/strip-json-comments@0.0.30":
    version "0.0.30"
    resolved "https://artifactory.rnd-hub.com:443/artifactory/api/npm/lego-npm-virt/@types/strip-json-comments/-/strip-json-comments-0.0.30.tgz#9aa30c04db212a9a0649d6ae6fd50accc40748a1"
    integrity sha1-mqMMBNshKpoGSdaub9UKzMQHSKE=
  
  accepts@~1.3.8:
    version "1.3.8"
    resolved "https://artifactory.rnd-hub.com:443/artifactory/api/npm/lego-npm-virt/accepts/-/accepts-1.3.8.tgz#0bf0be125b67014adcb0b0921e62db7bffe16b2e"
    integrity sha1-C/C+EltnAUrcsLCSHmLbe//hay4=
    dependencies:
      mime-types "~2.1.34"
      negotiator "0.6.3"
  
  acorn-walk@^8.1.1:
    version "8.2.0"
    resolved "https://artifactory.rnd-hub.com:443/artifactory/api/npm/lego-npm-virt/acorn-walk/-/acorn-walk-8.2.0.tgz#741210f2e2426454508853a2f44d0ab83b7f69c1"
    integrity sha1-dBIQ8uJCZFRQiFOi9E0KuDt/acE=
  
  acorn@^8.4.1:
    version "8.8.0"
    resolved "https://artifactory.rnd-hub.com:443/artifactory/api/npm/lego-npm-virt/acorn/-/acorn-8.8.0.tgz#88c0187620435c7f6015803f5539dae05a9dbea8"
    integrity sha1-iMAYdiBDXH9gFYA/VTna4Fqdvqg=
  
  anymatch@~3.1.2:
    version "3.1.2"
    resolved "https://artifactory.rnd-hub.com:443/artifactory/api/npm/lego-npm-virt/anymatch/-/anymatch-3.1.2.tgz#c0557c096af32f106198f4f4e2a383537e378716"
    integrity sha1-wFV8CWrzLxBhmPT04qODU343hxY=
    dependencies:
      normalize-path "^3.0.0"
      picomatch "^2.0.4"
  
  arg@^4.1.0:
    version "4.1.3"
    resolved "https://artifactory.rnd-hub.com:443/artifactory/api/npm/lego-npm-virt/arg/-/arg-4.1.3.tgz#269fc7ad5b8e42cb63c896d5666017261c144089"
    integrity sha1-Jp/HrVuOQstjyJbVZmAXJhwUQIk=
  
  array-flatten@1.1.1:
    version "1.1.1"
    resolved "https://artifactory.rnd-hub.com:443/artifactory/api/npm/lego-npm-virt/array-flatten/-/array-flatten-1.1.1.tgz#9a5f699051b1e7073328f2a008968b64ea2955d2"
    integrity sha1-ml9pkFGx5wczKPKgCJaLZOopVdI=
  
  balanced-match@^1.0.0:
    version "1.0.2"
    resolved "https://artifactory.rnd-hub.com:443/artifactory/api/npm/lego-npm-virt/balanced-match/-/balanced-match-1.0.2.tgz#e83e3a7e3f300b34cb9d87f615fa0cbf357690ee"
    integrity sha1-6D46fj8wCzTLnYf2FfoMvzV2kO4=
  
  binary-extensions@^2.0.0:
    version "2.2.0"
    resolved "https://artifactory.rnd-hub.com:443/artifactory/api/npm/lego-npm-virt/binary-extensions/-/binary-extensions-2.2.0.tgz#75f502eeaf9ffde42fc98829645be4ea76bd9e2d"
    integrity sha1-dfUC7q+f/eQvyYgpZFvk6na9ni0=
  
  body-parser@1.20.0:
    version "1.20.0"
    resolved "https://artifactory.rnd-hub.com:443/artifactory/api/npm/lego-npm-virt/body-parser/-/body-parser-1.20.0.tgz#3de69bd89011c11573d7bfee6a64f11b6bd27cc5"
    integrity sha1-Peab2JARwRVz17/uamTxG2vSfMU=
    dependencies:
      bytes "3.1.2"
      content-type "~1.0.4"
      debug "2.6.9"
      depd "2.0.0"
      destroy "1.2.0"
      http-errors "2.0.0"
      iconv-lite "0.4.24"
      on-finished "2.4.1"
      qs "6.10.3"
      raw-body "2.5.1"
      type-is "~1.6.18"
      unpipe "1.0.0"
  
  brace-expansion@^1.1.7:
    version "1.1.11"
    resolved "https://artifactory.rnd-hub.com:443/artifactory/api/npm/lego-npm-virt/brace-expansion/-/brace-expansion-1.1.11.tgz#3c7fcbf529d87226f3d2f52b966ff5271eb441dd"
    integrity sha1-PH/L9SnYcibz0vUrlm/1Jx60Qd0=
    dependencies:
      balanced-match "^1.0.0"
      concat-map "0.0.1"
  
  braces@~3.0.2:
    version "3.0.2"
    resolved "https://artifactory.rnd-hub.com:443/artifactory/api/npm/lego-npm-virt/braces/-/braces-3.0.2.tgz#3454e1a462ee8d599e236df336cd9ea4f8afe107"
    integrity sha1-NFThpGLujVmeI23zNs2epPiv4Qc=
    dependencies:
      fill-range "^7.0.1"
  
  buffer-from@^1.0.0:
    version "1.1.2"
    resolved "https://artifactory.rnd-hub.com:443/artifactory/api/npm/lego-npm-virt/buffer-from/-/buffer-from-1.1.2.tgz#2b146a6fd72e80b4f55d255f35ed59a3a9a41bd5"
    integrity sha1-KxRqb9cugLT1XSVfNe1Zo6mkG9U=
  
  bytes@3.1.2:
    version "3.1.2"
    resolved "https://artifactory.rnd-hub.com:443/artifactory/api/npm/lego-npm-virt/bytes/-/bytes-3.1.2.tgz#8b0beeb98605adf1b128fa4386403c009e0221a5"
    integrity sha1-iwvuuYYFrfGxKPpDhkA8AJ4CIaU=
  
  call-bind@^1.0.0:
    version "1.0.2"
    resolved "https://artifactory.rnd-hub.com:443/artifactory/api/npm/lego-npm-virt/call-bind/-/call-bind-1.0.2.tgz#b1d4e89e688119c3c9a903ad30abb2f6a919be3c"
    integrity sha1-sdTonmiBGcPJqQOtMKuy9qkZvjw=
    dependencies:
      function-bind "^1.1.1"
      get-intrinsic "^1.0.2"
  
  chokidar@^3.5.1:
    version "3.5.3"
    resolved "https://artifactory.rnd-hub.com:443/artifactory/api/npm/lego-npm-virt/chokidar/-/chokidar-3.5.3.tgz#1cf37c8707b932bd1af1ae22c0432e2acd1903bd"
    integrity sha1-HPN8hwe5Mr0a8a4iwEMuKs0ZA70=
    dependencies:
      anymatch "~3.1.2"
      braces "~3.0.2"
      glob-parent "~5.1.2"
      is-binary-path "~2.1.0"
      is-glob "~4.0.1"
      normalize-path "~3.0.0"
      readdirp "~3.6.0"
    optionalDependencies:
      fsevents "~2.3.2"
  
  concat-map@0.0.1:
    version "0.0.1"
    resolved "https://artifactory.rnd-hub.com:443/artifactory/api/npm/lego-npm-virt/concat-map/-/concat-map-0.0.1.tgz#d8a96bd77fd68df7793a73036a3ba0d5405d477b"
    integrity sha1-2Klr13/Wjfd5OnMDajug1UBdR3s=
  
  content-disposition@0.5.4:
    version "0.5.4"
    resolved "https://artifactory.rnd-hub.com:443/artifactory/api/npm/lego-npm-virt/content-disposition/-/content-disposition-0.5.4.tgz#8b82b4efac82512a02bb0b1dcec9d2c5e8eb5bfe"
    integrity sha1-i4K076yCUSoCuwsdzsnSxejrW/4=
    dependencies:
      safe-buffer "5.2.1"
  
  content-type@~1.0.4:
    version "1.0.4"
    resolved "https://artifactory.rnd-hub.com:443/artifactory/api/npm/lego-npm-virt/content-type/-/content-type-1.0.4.tgz#e138cc75e040c727b1966fe5e5f8c9aee256fe3b"
    integrity sha1-4TjMdeBAxyexlm/l5fjJruJW/js=
  
  cookie-signature@1.0.6:
    version "1.0.6"
    resolved "https://artifactory.rnd-hub.com:443/artifactory/api/npm/lego-npm-virt/cookie-signature/-/cookie-signature-1.0.6.tgz#e303a882b342cc3ee8ca513a79999734dab3ae2c"
    integrity sha1-4wOogrNCzD7oylE6eZmXNNqzriw=
  
  cookie@0.5.0:
    version "0.5.0"
    resolved "https://artifactory.rnd-hub.com:443/artifactory/api/npm/lego-npm-virt/cookie/-/cookie-0.5.0.tgz#d1f5d71adec6558c58f389987c366aa47e994f8b"
    integrity sha1-0fXXGt7GVYxY84mYfDZqpH6ZT4s=
  
  create-require@^1.1.0:
    version "1.1.1"
    resolved "https://artifactory.rnd-hub.com:443/artifactory/api/npm/lego-npm-virt/create-require/-/create-require-1.1.1.tgz#c1d7e8f1e5f6cfc9ff65f9cd352d37348756c333"
    integrity sha1-wdfo8eX2z8n/ZfnNNS03NIdWwzM=
  
  debug@2.6.9:
    version "2.6.9"
    resolved "https://artifactory.rnd-hub.com:443/artifactory/api/npm/lego-npm-virt/debug/-/debug-2.6.9.tgz#5d128515df134ff327e90a4c93f4e077a536341f"
    integrity sha1-XRKFFd8TT/Mn6QpMk/Tgd6U2NB8=
    dependencies:
      ms "2.0.0"
  
  depd@2.0.0:
    version "2.0.0"
    resolved "https://artifactory.rnd-hub.com:443/artifactory/api/npm/lego-npm-virt/depd/-/depd-2.0.0.tgz#b696163cc757560d09cf22cc8fad1571b79e76df"
    integrity sha1-tpYWPMdXVg0JzyLMj60Vcbeedt8=
  
  destroy@1.2.0:
    version "1.2.0"
    resolved "https://artifactory.rnd-hub.com:443/artifactory/api/npm/lego-npm-virt/destroy/-/destroy-1.2.0.tgz#4803735509ad8be552934c67df614f94e66fa015"
    integrity sha1-SANzVQmti+VSk0xn32FPlOZvoBU=
  
  diff@^4.0.1:
    version "4.0.2"
    resolved "https://artifactory.rnd-hub.com:443/artifactory/api/npm/lego-npm-virt/diff/-/diff-4.0.2.tgz#60f3aecb89d5fae520c11aa19efc2bb982aade7d"
    integrity sha1-YPOuy4nV+uUgwRqhnvwruYKq3n0=
  
  dynamic-dedupe@^0.3.0:
    version "0.3.0"
    resolved "https://artifactory.rnd-hub.com:443/artifactory/api/npm/lego-npm-virt/dynamic-dedupe/-/dynamic-dedupe-0.3.0.tgz#06e44c223f5e4e94d78ef9db23a6515ce2f962a1"
    integrity sha1-BuRMIj9eTpTXjvnbI6ZRXOL5YqE=
    dependencies:
      xtend "^4.0.0"
  
  ee-first@1.1.1:
    version "1.1.1"
    resolved "https://artifactory.rnd-hub.com:443/artifactory/api/npm/lego-npm-virt/ee-first/-/ee-first-1.1.1.tgz#590c61156b0ae2f4f0255732a158b266bc56b21d"
    integrity sha1-WQxhFWsK4vTwJVcyoViyZrxWsh0=
  
  encodeurl@~1.0.2:
    version "1.0.2"
    resolved "https://artifactory.rnd-hub.com:443/artifactory/api/npm/lego-npm-virt/encodeurl/-/encodeurl-1.0.2.tgz#ad3ff4c86ec2d029322f5a02c3a9a606c95b3f59"
    integrity sha1-rT/0yG7C0CkyL1oCw6mmBslbP1k=
  
  escape-html@~1.0.3:
    version "1.0.3"
    resolved "https://artifactory.rnd-hub.com:443/artifactory/api/npm/lego-npm-virt/escape-html/-/escape-html-1.0.3.tgz#0258eae4d3d0c0974de1c169188ef0051d1d1988"
    integrity sha1-Aljq5NPQwJdN4cFpGI7wBR0dGYg=
  
  etag@~1.8.1:
    version "1.8.1"
    resolved "https://artifactory.rnd-hub.com:443/artifactory/api/npm/lego-npm-virt/etag/-/etag-1.8.1.tgz#41ae2eeb65efa62268aebfea83ac7d79299b0887"
    integrity sha1-Qa4u62XvpiJorr/qg6x9eSmbCIc=
  
  express-validator@^6.14.2:
    version "6.14.2"
    resolved "https://artifactory.rnd-hub.com:443/artifactory/api/npm/lego-npm-virt/express-validator/-/express-validator-6.14.2.tgz#6147893f7bec0e14162c3a88b3653121afc4678f"
    integrity sha1-YUeJP3vsDhQWLDqIs2UxIa/EZ48=
    dependencies:
      lodash "^4.17.21"
      validator "^13.7.0"
  
  express@^4.18.1:
    version "4.18.1"
    resolved "https://artifactory.rnd-hub.com:443/artifactory/api/npm/lego-npm-virt/express/-/express-4.18.1.tgz#7797de8b9c72c857b9cd0e14a5eea80666267caf"
    integrity sha1-d5fei5xyyFe5zQ4Upe6oBmYmfK8=
    dependencies:
      accepts "~1.3.8"
      array-flatten "1.1.1"
      body-parser "1.20.0"
      content-disposition "0.5.4"
      content-type "~1.0.4"
      cookie "0.5.0"
      cookie-signature "1.0.6"
      debug "2.6.9"
      depd "2.0.0"
      encodeurl "~1.0.2"
      escape-html "~1.0.3"
      etag "~1.8.1"
      finalhandler "1.2.0"
      fresh "0.5.2"
      http-errors "2.0.0"
      merge-descriptors "1.0.1"
      methods "~1.1.2"
      on-finished "2.4.1"
      parseurl "~1.3.3"
      path-to-regexp "0.1.7"
      proxy-addr "~2.0.7"
      qs "6.10.3"
      range-parser "~1.2.1"
      safe-buffer "5.2.1"
      send "0.18.0"
      serve-static "1.15.0"
      setprototypeof "1.2.0"
      statuses "2.0.1"
      type-is "~1.6.18"
      utils-merge "1.0.1"
      vary "~1.1.2"
  
  fill-range@^7.0.1:
    version "7.0.1"
    resolved "https://artifactory.rnd-hub.com:443/artifactory/api/npm/lego-npm-virt/fill-range/-/fill-range-7.0.1.tgz#1919a6a7c75fe38b2c7c77e5198535da9acdda40"
    integrity sha1-GRmmp8df44ssfHflGYU12prN2kA=
    dependencies:
      to-regex-range "^5.0.1"
  
  finalhandler@1.2.0:
    version "1.2.0"
    resolved "https://artifactory.rnd-hub.com:443/artifactory/api/npm/lego-npm-virt/finalhandler/-/finalhandler-1.2.0.tgz#7d23fe5731b207b4640e4fcd00aec1f9207a7b32"
    integrity sha1-fSP+VzGyB7RkDk/NAK7B+SB6ezI=
    dependencies:
      debug "2.6.9"
      encodeurl "~1.0.2"
      escape-html "~1.0.3"
      on-finished "2.4.1"
      parseurl "~1.3.3"
      statuses "2.0.1"
      unpipe "~1.0.0"
  
  forwarded@0.2.0:
    version "0.2.0"
    resolved "https://artifactory.rnd-hub.com:443/artifactory/api/npm/lego-npm-virt/forwarded/-/forwarded-0.2.0.tgz#2269936428aad4c15c7ebe9779a84bf0b2a81811"
    integrity sha1-ImmTZCiq1MFcfr6XeahL8LKoGBE=
  
  fresh@0.5.2:
    version "0.5.2"
    resolved "https://artifactory.rnd-hub.com:443/artifactory/api/npm/lego-npm-virt/fresh/-/fresh-0.5.2.tgz#3d8cadd90d976569fa835ab1f8e4b23a105605a7"
    integrity sha1-PYyt2Q2XZWn6g1qx+OSyOhBWBac=
  
  fs.realpath@^1.0.0:
    version "1.0.0"
    resolved "https://artifactory.rnd-hub.com:443/artifactory/api/npm/lego-npm-virt/fs.realpath/-/fs.realpath-1.0.0.tgz#1504ad2523158caa40db4a2787cb01411994ea4f"
    integrity sha1-FQStJSMVjKpA20onh8sBQRmU6k8=
  
  fsevents@~2.3.2:
    version "2.3.2"
    resolved "https://artifactory.rnd-hub.com:443/artifactory/api/npm/lego-npm-virt/fsevents/-/fsevents-2.3.2.tgz#8a526f78b8fdf4623b709e0b975c52c24c02fd1a"
    integrity sha1-ilJveLj99GI7cJ4Ll1xSwkwC/Ro=
  
  function-bind@^1.1.1:
    version "1.1.1"
    resolved "https://artifactory.rnd-hub.com:443/artifactory/api/npm/lego-npm-virt/function-bind/-/function-bind-1.1.1.tgz#a56899d3ea3c9bab874bb9773b7c5ede92f4895d"
    integrity sha1-pWiZ0+o8m6uHS7l3O3xe3pL0iV0=
  
  get-intrinsic@^1.0.2:
    version "1.1.2"
    resolved "https://artifactory.rnd-hub.com:443/artifactory/api/npm/lego-npm-virt/get-intrinsic/-/get-intrinsic-1.1.2.tgz#336975123e05ad0b7ba41f152ee4aadbea6cf598"
    integrity sha1-M2l1Ej4FrQt7pB8VLuSq2+ps9Zg=
    dependencies:
      function-bind "^1.1.1"
      has "^1.0.3"
      has-symbols "^1.0.3"
  
  glob-parent@~5.1.2:
    version "5.1.2"
    resolved "https://artifactory.rnd-hub.com:443/artifactory/api/npm/lego-npm-virt/glob-parent/-/glob-parent-5.1.2.tgz#869832c58034fe68a4093c17dc15e8340d8401c4"
    integrity sha1-hpgyxYA0/mikCTwX3BXoNA2EAcQ=
    dependencies:
      is-glob "^4.0.1"
  
  glob@^7.1.3:
    version "7.2.3"
    resolved "https://artifactory.rnd-hub.com:443/artifactory/api/npm/lego-npm-virt/glob/-/glob-7.2.3.tgz#b8df0fb802bbfa8e89bd1d938b4e16578ed44f2b"
    integrity sha1-uN8PuAK7+o6JvR2Ti04WV47UTys=
    dependencies:
      fs.realpath "^1.0.0"
      inflight "^1.0.4"
      inherits "2"
      minimatch "^3.1.1"
      once "^1.3.0"
      path-is-absolute "^1.0.0"
  
  has-symbols@^1.0.3:
    version "1.0.3"
    resolved "https://artifactory.rnd-hub.com:443/artifactory/api/npm/lego-npm-virt/has-symbols/-/has-symbols-1.0.3.tgz#bb7b2c4349251dce87b125f7bdf874aa7c8b39f8"
    integrity sha1-u3ssQ0klHc6HsSX3vfh0qnyLOfg=
  
  has@^1.0.3:
    version "1.0.3"
    resolved "https://artifactory.rnd-hub.com:443/artifactory/api/npm/lego-npm-virt/has/-/has-1.0.3.tgz#722d7cbfc1f6aa8241f16dd814e011e1f41e8796"
    integrity sha1-ci18v8H2qoJB8W3YFOAR4fQeh5Y=
    dependencies:
      function-bind "^1.1.1"
  
  http-errors@2.0.0:
    version "2.0.0"
    resolved "https://artifactory.rnd-hub.com:443/artifactory/api/npm/lego-npm-virt/http-errors/-/http-errors-2.0.0.tgz#b7774a1486ef73cf7667ac9ae0858c012c57b9d3"
    integrity sha1-t3dKFIbvc892Z6ya4IWMASxXudM=
    dependencies:
      depd "2.0.0"
      inherits "2.0.4"
      setprototypeof "1.2.0"
      statuses "2.0.1"
      toidentifier "1.0.1"
  
  iconv-lite@0.4.24:
    version "0.4.24"
    resolved "https://artifactory.rnd-hub.com:443/artifactory/api/npm/lego-npm-virt/iconv-lite/-/iconv-lite-0.4.24.tgz#2022b4b25fbddc21d2f524974a474aafe733908b"
    integrity sha1-ICK0sl+93CHS9SSXSkdKr+czkIs=
    dependencies:
      safer-buffer ">= 2.1.2 < 3"
  
  inflight@^1.0.4:
    version "1.0.6"
    resolved "https://artifactory.rnd-hub.com:443/artifactory/api/npm/lego-npm-virt/inflight/-/inflight-1.0.6.tgz#49bd6331d7d02d0c09bc910a1075ba8165b56df9"
    integrity sha1-Sb1jMdfQLQwJvJEKEHW6gWW1bfk=
    dependencies:
      once "^1.3.0"
      wrappy "1"
  
  inherits@2, inherits@2.0.4:
    version "2.0.4"
    resolved "https://artifactory.rnd-hub.com:443/artifactory/api/npm/lego-npm-virt/inherits/-/inherits-2.0.4.tgz#0fa2c64f932917c3433a0ded55363aae37416b7c"
    integrity sha1-D6LGT5MpF8NDOg3tVTY6rjdBa3w=
  
  ipaddr.js@1.9.1:
    version "1.9.1"
    resolved "https://artifactory.rnd-hub.com:443/artifactory/api/npm/lego-npm-virt/ipaddr.js/-/ipaddr.js-1.9.1.tgz#bff38543eeb8984825079ff3a2a8e6cbd46781b3"
    integrity sha1-v/OFQ+64mEglB5/zoqjmy9RngbM=
  
  is-binary-path@~2.1.0:
    version "2.1.0"
    resolved "https://artifactory.rnd-hub.com:443/artifactory/api/npm/lego-npm-virt/is-binary-path/-/is-binary-path-2.1.0.tgz#ea1f7f3b80f064236e83470f86c09c254fb45b09"
    integrity sha1-6h9/O4DwZCNug0cPhsCcJU+0Wwk=
    dependencies:
      binary-extensions "^2.0.0"
  
  is-core-module@^2.9.0:
    version "2.10.0"
    resolved "https://artifactory.rnd-hub.com:443/artifactory/api/npm/lego-npm-virt/is-core-module/-/is-core-module-2.10.0.tgz#9012ede0a91c69587e647514e1d5277019e728ed"
    integrity sha1-kBLt4KkcaVh+ZHUU4dUncBnnKO0=
    dependencies:
      has "^1.0.3"
  
  is-extglob@^2.1.1:
    version "2.1.1"
    resolved "https://artifactory.rnd-hub.com:443/artifactory/api/npm/lego-npm-virt/is-extglob/-/is-extglob-2.1.1.tgz#a88c02535791f02ed37c76a1b9ea9773c833f8c2"
    integrity sha1-qIwCU1eR8C7TfHahueqXc8gz+MI=
  
  is-glob@^4.0.1, is-glob@~4.0.1:
    version "4.0.3"
    resolved "https://artifactory.rnd-hub.com:443/artifactory/api/npm/lego-npm-virt/is-glob/-/is-glob-4.0.3.tgz#64f61e42cbbb2eec2071a9dac0b28ba1e65d5084"
    integrity sha1-ZPYeQsu7LuwgcanawLKLoeZdUIQ=
    dependencies:
      is-extglob "^2.1.1"
  
  is-number@^7.0.0:
    version "7.0.0"
    resolved "https://artifactory.rnd-hub.com:443/artifactory/api/npm/lego-npm-virt/is-number/-/is-number-7.0.0.tgz#7535345b896734d5f80c4d06c50955527a14f12b"
    integrity sha1-dTU0W4lnNNX4DE0GxQlVUnoU8Ss=
  
  lodash@^4.17.21:
    version "4.17.21"
    resolved "https://artifactory.rnd-hub.com:443/artifactory/api/npm/lego-npm-virt/lodash/-/lodash-4.17.21.tgz#679591c564c3bffaae8454cf0b3df370c3d6911c"
    integrity sha1-Z5WRxWTDv/quhFTPCz3zcMPWkRw=
  
  make-error@^1.1.1:
    version "1.3.6"
    resolved "https://artifactory.rnd-hub.com:443/artifactory/api/npm/lego-npm-virt/make-error/-/make-error-1.3.6.tgz#2eb2e37ea9b67c4891f684a1394799af484cf7a2"
    integrity sha1-LrLjfqm2fEiR9oShOUeZr0hM96I=
  
  media-typer@0.3.0:
    version "0.3.0"
    resolved "https://artifactory.rnd-hub.com:443/artifactory/api/npm/lego-npm-virt/media-typer/-/media-typer-0.3.0.tgz#8710d7af0aa626f8fffa1ce00168545263255748"
    integrity sha1-hxDXrwqmJvj/+hzgAWhUUmMlV0g=
  
  merge-descriptors@1.0.1:
    version "1.0.1"
    resolved "https://artifactory.rnd-hub.com:443/artifactory/api/npm/lego-npm-virt/merge-descriptors/-/merge-descriptors-1.0.1.tgz#b00aaa556dd8b44568150ec9d1b953f3f90cbb61"
    integrity sha1-sAqqVW3YtEVoFQ7J0blT8/kMu2E=
  
  methods@~1.1.2:
    version "1.1.2"
    resolved "https://artifactory.rnd-hub.com:443/artifactory/api/npm/lego-npm-virt/methods/-/methods-1.1.2.tgz#5529a4d67654134edcc5266656835b0f851afcee"
    integrity sha1-VSmk1nZUE07cxSZmVoNbD4Ua/O4=
  
  mime-db@1.52.0:
    version "1.52.0"
    resolved "https://artifactory.rnd-hub.com:443/artifactory/api/npm/lego-npm-virt/mime-db/-/mime-db-1.52.0.tgz#bbabcdc02859f4987301c856e3387ce5ec43bf70"
    integrity sha1-u6vNwChZ9JhzAchW4zh85exDv3A=
  
  mime-types@~2.1.24, mime-types@~2.1.34:
    version "2.1.35"
    resolved "https://artifactory.rnd-hub.com:443/artifactory/api/npm/lego-npm-virt/mime-types/-/mime-types-2.1.35.tgz#381a871b62a734450660ae3deee44813f70d959a"
    integrity sha1-OBqHG2KnNEUGYK497uRIE/cNlZo=
    dependencies:
      mime-db "1.52.0"
  
  mime@1.6.0:
    version "1.6.0"
    resolved "https://artifactory.rnd-hub.com:443/artifactory/api/npm/lego-npm-virt/mime/-/mime-1.6.0.tgz#32cd9e5c64553bd58d19a568af452acff04981b1"
    integrity sha1-Ms2eXGRVO9WNGaVor0Uqz/BJgbE=
  
  minimatch@^3.1.1:
    version "3.1.2"
    resolved "https://artifactory.rnd-hub.com:443/artifactory/api/npm/lego-npm-virt/minimatch/-/minimatch-3.1.2.tgz#19cd194bfd3e428f049a70817c038d89ab4be35b"
    integrity sha1-Gc0ZS/0+Qo8EmnCBfAONiatL41s=
    dependencies:
      brace-expansion "^1.1.7"
  
  minimist@^1.2.6:
    version "1.2.6"
    resolved "https://artifactory.rnd-hub.com:443/artifactory/api/npm/lego-npm-virt/minimist/-/minimist-1.2.6.tgz#8637a5b759ea0d6e98702cfb3a9283323c93af44"
    integrity sha1-hjelt1nqDW6YcCz7OpKDMjyTr0Q=
  
  mkdirp@^1.0.4:
    version "1.0.4"
    resolved "https://artifactory.rnd-hub.com:443/artifactory/api/npm/lego-npm-virt/mkdirp/-/mkdirp-1.0.4.tgz#3eb5ed62622756d79a5f0e2a221dfebad75c2f7e"
    integrity sha1-PrXtYmInVteaXw4qIh3+utdcL34=
  
  ms@2.0.0:
    version "2.0.0"
    resolved "https://artifactory.rnd-hub.com:443/artifactory/api/npm/lego-npm-virt/ms/-/ms-2.0.0.tgz#5608aeadfc00be6c2901df5f9861788de0d597c8"
    integrity sha1-VgiurfwAvmwpAd9fmGF4jeDVl8g=
  
  ms@2.1.3:
    version "2.1.3"
    resolved "https://artifactory.rnd-hub.com:443/artifactory/api/npm/lego-npm-virt/ms/-/ms-2.1.3.tgz#574c8138ce1d2b5861f0b44579dbadd60c6615b2"
    integrity sha1-V0yBOM4dK1hh8LRFedut1gxmFbI=
  
  negotiator@0.6.3:
    version "0.6.3"
    resolved "https://artifactory.rnd-hub.com:443/artifactory/api/npm/lego-npm-virt/negotiator/-/negotiator-0.6.3.tgz#58e323a72fedc0d6f9cd4d31fe49f51479590ccd"
    integrity sha1-WOMjpy/twNb5zU0x/kn1FHlZDM0=
  
  normalize-path@^3.0.0, normalize-path@~3.0.0:
    version "3.0.0"
    resolved "https://artifactory.rnd-hub.com:443/artifactory/api/npm/lego-npm-virt/normalize-path/-/normalize-path-3.0.0.tgz#0dcd69ff23a1c9b11fd0978316644a0388216a65"
    integrity sha1-Dc1p/yOhybEf0JeDFmRKA4ghamU=
  
  object-inspect@^1.9.0:
    version "1.12.2"
    resolved "https://artifactory.rnd-hub.com:443/artifactory/api/npm/lego-npm-virt/object-inspect/-/object-inspect-1.12.2.tgz#c0641f26394532f28ab8d796ab954e43c009a8ea"
    integrity sha1-wGQfJjlFMvKKuNeWq5VOQ8AJqOo=
  
  on-finished@2.4.1:
    version "2.4.1"
    resolved "https://artifactory.rnd-hub.com:443/artifactory/api/npm/lego-npm-virt/on-finished/-/on-finished-2.4.1.tgz#58c8c44116e54845ad57f14ab10b03533184ac3f"
    integrity sha1-WMjEQRblSEWtV/FKsQsDUzGErD8=
    dependencies:
      ee-first "1.1.1"
  
  once@^1.3.0:
    version "1.4.0"
    resolved "https://artifactory.rnd-hub.com:443/artifactory/api/npm/lego-npm-virt/once/-/once-1.4.0.tgz#583b1aa775961d4b113ac17d9c50baef9dd76bd1"
    integrity sha1-WDsap3WWHUsROsF9nFC6753Xa9E=
    dependencies:
      wrappy "1"
  
  parseurl@~1.3.3:
    version "1.3.3"
    resolved "https://artifactory.rnd-hub.com:443/artifactory/api/npm/lego-npm-virt/parseurl/-/parseurl-1.3.3.tgz#9da19e7bee8d12dff0513ed5b76957793bc2e8d4"
    integrity sha1-naGee+6NEt/wUT7Vt2lXeTvC6NQ=
  
  path-is-absolute@^1.0.0:
    version "1.0.1"
    resolved "https://artifactory.rnd-hub.com:443/artifactory/api/npm/lego-npm-virt/path-is-absolute/-/path-is-absolute-1.0.1.tgz#174b9268735534ffbc7ace6bf53a5a9e1b5c5f5f"
    integrity sha1-F0uSaHNVNP+8es5r9TpanhtcX18=
  
  path-parse@^1.0.7:
    version "1.0.7"
    resolved "https://artifactory.rnd-hub.com:443/artifactory/api/npm/lego-npm-virt/path-parse/-/path-parse-1.0.7.tgz#fbc114b60ca42b30d9daf5858e4bd68bbedb6735"
    integrity sha1-+8EUtgykKzDZ2vWFjkvWi77bZzU=
  
  path-to-regexp@0.1.7:
    version "0.1.7"
    resolved "https://artifactory.rnd-hub.com:443/artifactory/api/npm/lego-npm-virt/path-to-regexp/-/path-to-regexp-0.1.7.tgz#df604178005f522f15eb4490e7247a1bfaa67f8c"
    integrity sha1-32BBeABfUi8V60SQ5yR6G/qmf4w=
  
  picomatch@^2.0.4, picomatch@^2.2.1:
    version "2.3.1"
    resolved "https://artifactory.rnd-hub.com:443/artifactory/api/npm/lego-npm-virt/picomatch/-/picomatch-2.3.1.tgz#3ba3833733646d9d3e4995946c1365a67fb07a42"
    integrity sha1-O6ODNzNkbZ0+SZWUbBNlpn+wekI=
  
  proxy-addr@~2.0.7:
    version "2.0.7"
    resolved "https://artifactory.rnd-hub.com:443/artifactory/api/npm/lego-npm-virt/proxy-addr/-/proxy-addr-2.0.7.tgz#f19fe69ceab311eeb94b42e70e8c2070f9ba1025"
    integrity sha1-8Z/mnOqzEe65S0LnDowgcPm6ECU=
    dependencies:
      forwarded "0.2.0"
      ipaddr.js "1.9.1"
  
  qs@6.10.3:
    version "6.10.3"
    resolved "https://artifactory.rnd-hub.com:443/artifactory/api/npm/lego-npm-virt/qs/-/qs-6.10.3.tgz#d6cde1b2ffca87b5aa57889816c5f81535e22e8e"
    integrity sha1-1s3hsv/Kh7WqV4iYFsX4FTXiLo4=
    dependencies:
      side-channel "^1.0.4"
  
  range-parser@~1.2.1:
    version "1.2.1"
    resolved "https://artifactory.rnd-hub.com:443/artifactory/api/npm/lego-npm-virt/range-parser/-/range-parser-1.2.1.tgz#3cf37023d199e1c24d1a55b84800c2f3e6468031"
    integrity sha1-PPNwI9GZ4cJNGlW4SADC8+ZGgDE=
  
  raw-body@2.5.1:
    version "2.5.1"
    resolved "https://artifactory.rnd-hub.com:443/artifactory/api/npm/lego-npm-virt/raw-body/-/raw-body-2.5.1.tgz#fe1b1628b181b700215e5fd42389f98b71392857"
    integrity sha1-/hsWKLGBtwAhXl/UI4n5i3E5KFc=
    dependencies:
      bytes "3.1.2"
      http-errors "2.0.0"
      iconv-lite "0.4.24"
      unpipe "1.0.0"
  
  readdirp@~3.6.0:
    version "3.6.0"
    resolved "https://artifactory.rnd-hub.com:443/artifactory/api/npm/lego-npm-virt/readdirp/-/readdirp-3.6.0.tgz#74a370bd857116e245b29cc97340cd431a02a6c7"
    integrity sha1-dKNwvYVxFuJFspzJc0DNQxoCpsc=
    dependencies:
      picomatch "^2.2.1"
  
  resolve@^1.0.0:
    version "1.22.1"
    resolved "https://artifactory.rnd-hub.com:443/artifactory/api/npm/lego-npm-virt/resolve/-/resolve-1.22.1.tgz#27cb2ebb53f91abb49470a928bba7558066ac177"
    integrity sha1-J8suu1P5GrtJRwqSi7p1WAZqwXc=
    dependencies:
      is-core-module "^2.9.0"
      path-parse "^1.0.7"
      supports-preserve-symlinks-flag "^1.0.0"
  
  rimraf@^2.6.1:
    version "2.7.1"
    resolved "https://artifactory.rnd-hub.com:443/artifactory/api/npm/lego-npm-virt/rimraf/-/rimraf-2.7.1.tgz#35797f13a7fdadc566142c29d4f07ccad483e3ec"
    integrity sha1-NXl/E6f9rcVmFCwp1PB8ytSD4+w=
    dependencies:
      glob "^7.1.3"
  
  safe-buffer@5.2.1:
    version "5.2.1"
    resolved "https://artifactory.rnd-hub.com:443/artifactory/api/npm/lego-npm-virt/safe-buffer/-/safe-buffer-5.2.1.tgz#1eaf9fa9bdb1fdd4ec75f58f9cdb4e6b7827eec6"
    integrity sha1-Hq+fqb2x/dTsdfWPnNtOa3gn7sY=
  
  "safer-buffer@>= 2.1.2 < 3":
    version "2.1.2"
    resolved "https://artifactory.rnd-hub.com:443/artifactory/api/npm/lego-npm-virt/safer-buffer/-/safer-buffer-2.1.2.tgz#44fa161b0187b9549dd84bb91802f9bd8385cd6a"
    integrity sha1-RPoWGwGHuVSd2Eu5GAL5vYOFzWo=
  
  send@0.18.0:
    version "0.18.0"
    resolved "https://artifactory.rnd-hub.com:443/artifactory/api/npm/lego-npm-virt/send/-/send-0.18.0.tgz#670167cc654b05f5aa4a767f9113bb371bc706be"
    integrity sha1-ZwFnzGVLBfWqSnZ/kRO7NxvHBr4=
    dependencies:
      debug "2.6.9"
      depd "2.0.0"
      destroy "1.2.0"
      encodeurl "~1.0.2"
      escape-html "~1.0.3"
      etag "~1.8.1"
      fresh "0.5.2"
      http-errors "2.0.0"
      mime "1.6.0"
      ms "2.1.3"
      on-finished "2.4.1"
      range-parser "~1.2.1"
      statuses "2.0.1"
  
  serve-static@1.15.0:
    version "1.15.0"
    resolved "https://artifactory.rnd-hub.com:443/artifactory/api/npm/lego-npm-virt/serve-static/-/serve-static-1.15.0.tgz#faaef08cffe0a1a62f60cad0c4e513cff0ac9540"
    integrity sha1-+q7wjP/goaYvYMrQxOUTz/CslUA=
    dependencies:
      encodeurl "~1.0.2"
      escape-html "~1.0.3"
      parseurl "~1.3.3"
      send "0.18.0"
  
  setprototypeof@1.2.0:
    version "1.2.0"
    resolved "https://artifactory.rnd-hub.com:443/artifactory/api/npm/lego-npm-virt/setprototypeof/-/setprototypeof-1.2.0.tgz#66c9a24a73f9fc28cbe66b09fed3d33dcaf1b424"
    integrity sha1-ZsmiSnP5/CjL5msJ/tPTPcrxtCQ=
  
  side-channel@^1.0.4:
    version "1.0.4"
    resolved "https://artifactory.rnd-hub.com:443/artifactory/api/npm/lego-npm-virt/side-channel/-/side-channel-1.0.4.tgz#efce5c8fdc104ee751b25c58d4290011fa5ea2cf"
    integrity sha1-785cj9wQTudRslxY1CkAEfpeos8=
    dependencies:
      call-bind "^1.0.0"
      get-intrinsic "^1.0.2"
      object-inspect "^1.9.0"
  
  source-map-support@^0.5.12:
    version "0.5.21"
    resolved "https://artifactory.rnd-hub.com:443/artifactory/api/npm/lego-npm-virt/source-map-support/-/source-map-support-0.5.21.tgz#04fe7c7f9e1ed2d662233c28cb2b35b9f63f6e4f"
    integrity sha1-BP58f54e0tZiIzwoyys1ufY/bk8=
    dependencies:
      buffer-from "^1.0.0"
      source-map "^0.6.0"
  
  source-map@^0.6.0:
    version "0.6.1"
    resolved "https://artifactory.rnd-hub.com:443/artifactory/api/npm/lego-npm-virt/source-map/-/source-map-0.6.1.tgz#74722af32e9614e9c287a8d0bbde48b5e2f1a263"
    integrity sha1-dHIq8y6WFOnCh6jQu95IteLxomM=
  
  statuses@2.0.1:
    version "2.0.1"
    resolved "https://artifactory.rnd-hub.com:443/artifactory/api/npm/lego-npm-virt/statuses/-/statuses-2.0.1.tgz#55cb000ccf1d48728bd23c685a063998cf1a1b63"
    integrity sha1-VcsADM8dSHKL0jxoWgY5mM8aG2M=
  
  strip-bom@^3.0.0:
    version "3.0.0"
    resolved "https://artifactory.rnd-hub.com:443/artifactory/api/npm/lego-npm-virt/strip-bom/-/strip-bom-3.0.0.tgz#2334c18e9c759f7bdd56fdef7e9ae3d588e68ed3"
    integrity sha1-IzTBjpx1n3vdVv3vfprj1YjmjtM=
  
  strip-json-comments@^2.0.0:
    version "2.0.1"
    resolved "https://artifactory.rnd-hub.com:443/artifactory/api/npm/lego-npm-virt/strip-json-comments/-/strip-json-comments-2.0.1.tgz#3c531942e908c2697c0ec344858c286c7ca0a60a"
    integrity sha1-PFMZQukIwml8DsNEhYwobHygpgo=
  
  supports-preserve-symlinks-flag@^1.0.0:
    version "1.0.0"
    resolved "https://artifactory.rnd-hub.com:443/artifactory/api/npm/lego-npm-virt/supports-preserve-symlinks-flag/-/supports-preserve-symlinks-flag-1.0.0.tgz#6eda4bd344a3c94aea376d4cc31bc77311039e09"
    integrity sha1-btpL00SjyUrqN21MwxvHcxEDngk=
  
  to-regex-range@^5.0.1:
    version "5.0.1"
    resolved "https://artifactory.rnd-hub.com:443/artifactory/api/npm/lego-npm-virt/to-regex-range/-/to-regex-range-5.0.1.tgz#1648c44aae7c8d988a326018ed72f5b4dd0392e4"
    integrity sha1-FkjESq58jZiKMmAY7XL1tN0DkuQ=
    dependencies:
      is-number "^7.0.0"
  
  toidentifier@1.0.1:
    version "1.0.1"
    resolved "https://artifactory.rnd-hub.com:443/artifactory/api/npm/lego-npm-virt/toidentifier/-/toidentifier-1.0.1.tgz#3be34321a88a820ed1bd80dfaa33e479fbb8dd35"
    integrity sha1-O+NDIaiKgg7RvYDfqjPkefu43TU=
  
  tree-kill@^1.2.2:
    version "1.2.2"
    resolved "https://artifactory.rnd-hub.com:443/artifactory/api/npm/lego-npm-virt/tree-kill/-/tree-kill-1.2.2.tgz#4ca09a9092c88b73a7cdc5e8a01b507b0790a0cc"
    integrity sha1-TKCakJLIi3OnzcXooBtQeweQoMw=
  
  ts-node-dev@^2.0.0:
    version "2.0.0"
    resolved "https://artifactory.rnd-hub.com:443/artifactory/api/npm/lego-npm-virt/ts-node-dev/-/ts-node-dev-2.0.0.tgz#bdd53e17ab3b5d822ef519928dc6b4a7e0f13065"
    integrity sha1-vdU+F6s7XYIu9RmSjca0p+DxMGU=
    dependencies:
      chokidar "^3.5.1"
      dynamic-dedupe "^0.3.0"
      minimist "^1.2.6"
      mkdirp "^1.0.4"
      resolve "^1.0.0"
      rimraf "^2.6.1"
      source-map-support "^0.5.12"
      tree-kill "^1.2.2"
      ts-node "^10.4.0"
      tsconfig "^7.0.0"
  
  ts-node@^10.4.0:
    version "10.9.1"
    resolved "https://artifactory.rnd-hub.com:443/artifactory/api/npm/lego-npm-virt/ts-node/-/ts-node-10.9.1.tgz#e73de9102958af9e1f0b168a6ff320e25adcff4b"
    integrity sha1-5z3pEClYr54fCxaKb/Mg4lrc/0s=
    dependencies:
      "@cspotcode/source-map-support" "^0.8.0"
      "@tsconfig/node10" "^1.0.7"
      "@tsconfig/node12" "^1.0.7"
      "@tsconfig/node14" "^1.0.0"
      "@tsconfig/node16" "^1.0.2"
      acorn "^8.4.1"
      acorn-walk "^8.1.1"
      arg "^4.1.0"
      create-require "^1.1.0"
      diff "^4.0.1"
      make-error "^1.1.1"
      v8-compile-cache-lib "^3.0.1"
      yn "3.1.1"
  
  tsconfig@^7.0.0:
    version "7.0.0"
    resolved "https://artifactory.rnd-hub.com:443/artifactory/api/npm/lego-npm-virt/tsconfig/-/tsconfig-7.0.0.tgz#84538875a4dc216e5c4a5432b3a4dec3d54e91b7"
    integrity sha1-hFOIdaTcIW5cSlQys6Tew9VOkbc=
    dependencies:
      "@types/strip-bom" "^3.0.0"
      "@types/strip-json-comments" "0.0.30"
      strip-bom "^3.0.0"
      strip-json-comments "^2.0.0"
  
  type-is@~1.6.18:
    version "1.6.18"
    resolved "https://artifactory.rnd-hub.com:443/artifactory/api/npm/lego-npm-virt/type-is/-/type-is-1.6.18.tgz#4e552cd05df09467dcbc4ef739de89f2cf37c131"
    integrity sha1-TlUs0F3wlGfcvE73Od6J8s83wTE=
    dependencies:
      media-typer "0.3.0"
      mime-types "~2.1.24"
  
  typescript@^4.7.4:
    version "4.7.4"
    resolved "https://artifactory.rnd-hub.com:443/artifactory/api/npm/lego-npm-virt/typescript/-/typescript-4.7.4.tgz#1a88596d1cf47d59507a1bcdfb5b9dfe4d488235"
    integrity sha1-GohZbRz0fVlQehvN+1ud/k1IgjU=
  
  unpipe@1.0.0, unpipe@~1.0.0:
    version "1.0.0"
    resolved "https://artifactory.rnd-hub.com:443/artifactory/api/npm/lego-npm-virt/unpipe/-/unpipe-1.0.0.tgz#b2bf4ee8514aae6165b4817829d21b2ef49904ec"
    integrity sha1-sr9O6FFKrmFltIF4KdIbLvSZBOw=
  
  utils-merge@1.0.1:
    version "1.0.1"
    resolved "https://artifactory.rnd-hub.com:443/artifactory/api/npm/lego-npm-virt/utils-merge/-/utils-merge-1.0.1.tgz#9f95710f50a267947b2ccc124741c1028427e713"
    integrity sha1-n5VxD1CiZ5R7LMwSR0HBAoQn5xM=
  
  v8-compile-cache-lib@^3.0.1:
    version "3.0.1"
    resolved "https://artifactory.rnd-hub.com:443/artifactory/api/npm/lego-npm-virt/v8-compile-cache-lib/-/v8-compile-cache-lib-3.0.1.tgz#6336e8d71965cb3d35a1bbb7868445a7c05264bf"
    integrity sha1-Yzbo1xllyz01obu3hoRFp8BSZL8=
  
  validator@^13.7.0:
    version "13.7.0"
    resolved "https://artifactory.rnd-hub.com:443/artifactory/api/npm/lego-npm-virt/validator/-/validator-13.7.0.tgz#4f9658ba13ba8f3d82ee881d3516489ea85c0857"
    integrity sha1-T5ZYuhO6jz2C7ogdNRZInqhcCFc=
  
  vary@~1.1.2:
    version "1.1.2"
    resolved "https://artifactory.rnd-hub.com:443/artifactory/api/npm/lego-npm-virt/vary/-/vary-1.1.2.tgz#2299f02c6ded30d4a5961b0b9f74524a18f634fc"
    integrity sha1-IpnwLG3tMNSllhsLn3RSShj2NPw=
  
  wrappy@1:
    version "1.0.2"
    resolved "https://artifactory.rnd-hub.com:443/artifactory/api/npm/lego-npm-virt/wrappy/-/wrappy-1.0.2.tgz#b5243d8f3ec1aa35f1364605bc0d1036e30ab69f"
    integrity sha1-tSQ9jz7BqjXxNkYFvA0QNuMKtp8=
  
  xtend@^4.0.0:
    version "4.0.2"
    resolved "https://artifactory.rnd-hub.com:443/artifactory/api/npm/lego-npm-virt/xtend/-/xtend-4.0.2.tgz#bb72779f5fa465186b1f438f674fa347fdb5db54"
    integrity sha1-u3J3n1+kZRhrH0OPZ0+jR/2121Q=
  
  yn@3.1.1:
    version "3.1.1"
    resolved "https://artifactory.rnd-hub.com:443/artifactory/api/npm/lego-npm-virt/yn/-/yn-3.1.1.tgz#1e87401a09d767c1d5eab26a6e4c185182d2eb50"
    integrity sha1-HodAGgnXZ8HV6rJqbkwYUYLS61A=
